<?xml version="1.0" encoding="UTF-8"?>
<Site BuildName="Win32-MSBuild"
	BuildStamp="20210325-2003-Experimental"
	Name="LAPTOP-UMUO5BB1"
	Generator="ctest-3.20.0"
	CompilerName="C:/Program Files (x86)/Microsoft Visual Studio/2019/Community/VC/Tools/MSVC/14.24.28314/bin/Hostx86/x86/cl.exe"
	CompilerVersion="19.24.28315.0"
	OSName="Windows"
	Hostname="LAPTOP-UMUO5BB1"
	OSRelease=" Personal"
	OSVersion=" (Build 18363)"
	OSPlatform="x86"
	Is64Bits="1"
	VendorString="AuthenticAMD"
	VendorID="Advanced Micro Devices"
	FamilyID="15"
	ModelID="8"
	ProcessorCacheSize="96"
	NumberOfLogicalCPU="8"
	NumberOfPhysicalCPU="4"
	TotalVirtualMemory="24016"
	TotalPhysicalMemory="8000"
	LogicalProcessorsPerPhysical="2"
	ProcessorClockFrequency="2096"
	>
	<Testing>
		<StartDateTime>Mar 25 21:03 Rom, normaltid</StartDateTime>
		<StartTestTime>1616702622</StartTestTime>
		<TestList/>
		<EndDateTime>Mar 25 21:03 Rom, normaltid</EndDateTime>
		<EndTestTime>1616702622</EndTestTime>
		<ElapsedMinutes>0</ElapsedMinutes>
	</Testing>
</Site>
